{
  "RSpec": {
    "coverage": {
      "C:/Users/dante/Documents/MEGA/Documents/Programming/School/CSCE 431/BMES-Member-Point-Tracker/config/environment.rb": {
        "lines": [
          null,
          null,
          null,
          1,
          null,
          null,
          1
        ]
      },
      "C:/Users/dante/Documents/MEGA/Documents/Programming/School/CSCE 431/BMES-Member-Point-Tracker/config/application.rb": {
        "lines": [
          null,
          null,
          1,
          null,
          1,
          null,
          null,
          null,
          1,
          null,
          1,
          1,
          null,
          1,
          null,
          null,
          null,
          null,
          null,
          null,
          null
        ]
      },
      "C:/Users/dante/Documents/MEGA/Documents/Programming/School/CSCE 431/BMES-Member-Point-Tracker/config/boot.rb": {
        "lines": [
          null,
          null,
          1,
          null,
          1,
          1
        ]
      },
      "C:/Users/dante/Documents/MEGA/Documents/Programming/School/CSCE 431/BMES-Member-Point-Tracker/config/environments/test.rb": {
        "lines": [
          null,
          null,
          null,
          null,
          null,
          null,
          null,
          1,
          null,
          null,
          1,
          null,
          null,
          null,
          null,
          1,
          null,
          null,
          1,
          1,
          null,
          null,
          null,
          null,
          1,
          1,
          1,
          null,
          null,
          1,
          null,
          null,
          1,
          null,
          null,
          1,
          null,
          1,
          null,
          null,
          null,
          null,
          1,
          null,
          null,
          1,
          null,
          null,
          null,
          null
        ]
      },
      "C:/Users/dante/Documents/MEGA/Documents/Programming/School/CSCE 431/BMES-Member-Point-Tracker/config/initializers/application_controller_renderer.rb": {
        "lines": [
          null,
          null,
          null,
          null,
          null,
          null,
          null,
          null,
          null
        ]
      },
      "C:/Users/dante/Documents/MEGA/Documents/Programming/School/CSCE 431/BMES-Member-Point-Tracker/config/initializers/assets.rb": {
        "lines": [
          null,
          null,
          null,
          null,
          null,
          1,
          null,
          null,
          null,
          null,
          1,
          null,
          null,
          null,
          null,
          null
        ]
      },
      "C:/Users/dante/Documents/MEGA/Documents/Programming/School/CSCE 431/BMES-Member-Point-Tracker/config/initializers/auth0.rb": {
        "lines": [
          null,
          null,
          1,
          1,
          null,
          null,
          null,
          null,
          null,
          null,
          null,
          null,
          null,
          null
        ]
      },
      "C:/Users/dante/Documents/MEGA/Documents/Programming/School/CSCE 431/BMES-Member-Point-Tracker/config/initializers/backtrace_silencers.rb": {
        "lines": [
          null,
          null,
          null,
          null,
          null,
          null,
          null,
          null
        ]
      },
      "C:/Users/dante/Documents/MEGA/Documents/Programming/School/CSCE 431/BMES-Member-Point-Tracker/config/initializers/content_security_policy.rb": {
        "lines": [
          null,
          null,
          null,
          null,
          null,
          null,
          null,
          null,
          null,
          null,
          null,
          null,
          null,
          null,
          null,
          null,
          null,
          null,
          null,
          null,
          null,
          null,
          null,
          null,
          null,
          null,
          null,
          null,
          null,
          null,
          null
        ]
      },
      "C:/Users/dante/Documents/MEGA/Documents/Programming/School/CSCE 431/BMES-Member-Point-Tracker/config/initializers/cookies_serializer.rb": {
        "lines": [
          null,
          null,
          null,
          null,
          null,
          null,
          1
        ]
      },
      "C:/Users/dante/Documents/MEGA/Documents/Programming/School/CSCE 431/BMES-Member-Point-Tracker/config/initializers/filter_parameter_logging.rb": {
        "lines": [
          null,
          null,
          null,
          null,
          null,
          1
        ]
      },
      "C:/Users/dante/Documents/MEGA/Documents/Programming/School/CSCE 431/BMES-Member-Point-Tracker/config/initializers/inflections.rb": {
        "lines": [
          null,
          null,
          null,
          null,
          null,
          null,
          null,
          null,
          null,
          null,
          null,
          null,
          null,
          null,
          null,
          null,
          null
        ]
      },
      "C:/Users/dante/Documents/MEGA/Documents/Programming/School/CSCE 431/BMES-Member-Point-Tracker/config/initializers/mime_types.rb": {
        "lines": [
          null,
          null,
          null,
          null,
          null
        ]
      },
      "C:/Users/dante/Documents/MEGA/Documents/Programming/School/CSCE 431/BMES-Member-Point-Tracker/config/initializers/session_store.rb": {
        "lines": [
          null,
          null,
          1
        ]
      },
      "C:/Users/dante/Documents/MEGA/Documents/Programming/School/CSCE 431/BMES-Member-Point-Tracker/config/initializers/wrap_parameters.rb": {
        "lines": [
          null,
          null,
          null,
          null,
          null,
          null,
          null,
          null,
          1,
          2,
          null,
          null,
          null,
          null,
          null,
          null
        ]
      },
      "C:/Users/dante/Documents/MEGA/Documents/Programming/School/CSCE 431/BMES-Member-Point-Tracker/config/routes.rb": {
        "lines": [
          null,
          null,
          1,
          1,
          null,
          1,
          null,
          1,
          1,
          1,
          1,
          null,
          null,
          null,
          1,
          1,
          1,
          null,
          null,
          null,
          1,
          1,
          1,
          null,
          null,
          null,
          1,
          1,
          1,
          null,
          null,
          null,
          null,
          null,
          1,
          null,
          1,
          null,
          1,
          null,
          1,
          null,
          1,
          null,
          1,
          null,
          1,
          null,
          1,
          null,
          1,
          null
        ]
      },
      "C:/Users/dante/Documents/MEGA/Documents/Programming/School/CSCE 431/BMES-Member-Point-Tracker/app/helpers/accomplishments_helper.rb": {
        "lines": [
          null,
          null,
          1,
          null
        ]
      },
      "C:/Users/dante/Documents/MEGA/Documents/Programming/School/CSCE 431/BMES-Member-Point-Tracker/app/helpers/application_helper.rb": {
        "lines": [
          null,
          null,
          1,
          null
        ]
      },
      "C:/Users/dante/Documents/MEGA/Documents/Programming/School/CSCE 431/BMES-Member-Point-Tracker/app/helpers/dashboard_helper.rb": {
        "lines": [
          null,
          null,
          1,
          null
        ]
      },
      "C:/Users/dante/Documents/MEGA/Documents/Programming/School/CSCE 431/BMES-Member-Point-Tracker/app/helpers/events_helper.rb": {
        "lines": [
          null,
          null,
          1,
          null
        ]
      },
      "C:/Users/dante/Documents/MEGA/Documents/Programming/School/CSCE 431/BMES-Member-Point-Tracker/app/helpers/home_helper.rb": {
        "lines": [
          null,
          null,
          1,
          null
        ]
      },
      "C:/Users/dante/Documents/MEGA/Documents/Programming/School/CSCE 431/BMES-Member-Point-Tracker/app/helpers/login_helper.rb": {
        "lines": [
          null,
          null,
          1,
          null
        ]
      },
      "C:/Users/dante/Documents/MEGA/Documents/Programming/School/CSCE 431/BMES-Member-Point-Tracker/app/helpers/logout_helper.rb": {
        "lines": [
          null,
          null,
          null,
          null,
          1,
          1,
          0,
          0,
          null,
          0,
          null,
          null,
          null,
          0,
          null,
          null,
          1,
          null,
          1,
          0,
          null,
          null
        ]
      },
      "C:/Users/dante/Documents/MEGA/Documents/Programming/School/CSCE 431/BMES-Member-Point-Tracker/app/helpers/manual_points_helper.rb": {
        "lines": [
          null,
          null,
          1,
          null
        ]
      },
      "C:/Users/dante/Documents/MEGA/Documents/Programming/School/CSCE 431/BMES-Member-Point-Tracker/app/helpers/profile_helper.rb": {
        "lines": [
          null,
          null,
          1,
          null
        ]
      },
      "C:/Users/dante/Documents/MEGA/Documents/Programming/School/CSCE 431/BMES-Member-Point-Tracker/app/helpers/semester_helper.rb": {
        "lines": [
          null,
          null,
          1,
          null
        ]
      },
      "C:/Users/dante/Documents/MEGA/Documents/Programming/School/CSCE 431/BMES-Member-Point-Tracker/app/helpers/signup_helper.rb": {
        "lines": [
          null,
          null,
          1,
          null
        ]
      },
      "C:/Users/dante/Documents/MEGA/Documents/Programming/School/CSCE 431/BMES-Member-Point-Tracker/app/controllers/application_controller.rb": {
        "lines": [
          null,
          null,
          1,
          null
        ]
      },
      "C:/Users/dante/Documents/MEGA/Documents/Programming/School/CSCE 431/BMES-Member-Point-Tracker/app/controllers/home_controller.rb": {
        "lines": [
          null,
          null,
          1,
          1,
          null
        ]
      }
    },
    "timestamp": 1601996680
  }
}
